app/build/intermediates/manifest_merge_blame_file/release/manifest-merger-blame-release-report.txt
1<?xml version="1.0" encoding="utf-8"?>
2<!--
3 Copyright 2016 The TensorFlow Authors. All Rights Reserved.
4
5 Licensed under the Apache License, Version 2.0 (the "License");
6 you may not use this file except in compliance with the License.
7 You may obtain a copy of the License at
8
9     http://www.apache.org/licenses/LICENSE-2.0
10
11 Unless required by applicable law or agreed to in writing, software
12 distributed under the License is distributed on an "AS IS" BASIS,
13 WITHOUT WARRANTIES OR CONDITIONS OF ANY KIND, either express or implied.
14 See the License for the specific language governing permissions and
15 limitations under the License.
16-->
17<manifest xmlns:android="http://schemas.android.com/apk/res/android"
18    package="org.tensorflow.dot"
19    android:versionCode="1"
20    android:versionName="1.0" >
21
22    <uses-sdk
23        android:minSdkVersion="21"
23-->src/main/AndroidManifest.xml
24        android:targetSdkVersion="28" />
24-->src/main/AndroidManifest.xml
25
26    <uses-permission android:name="android.permission.CAMERA" />
26-->src/main/AndroidManifest.xml:21:5-65
26-->src/main/AndroidManifest.xml:21:22-62
27
28    <uses-feature android:name="android.hardware.camera" />
28-->src/main/AndroidManifest.xml:22:5-60
28-->src/main/AndroidManifest.xml:22:19-57
29    <uses-feature android:name="android.hardware.camera.autofocus" />
29-->src/main/AndroidManifest.xml:23:5-70
29-->src/main/AndroidManifest.xml:23:19-67
30
31    <uses-permission android:name="android.permission.WRITE_EXTERNAL_STORAGE" />
31-->src/main/AndroidManifest.xml:24:5-80
31-->src/main/AndroidManifest.xml:24:22-78
32    <uses-permission android:name="android.permission.INTERNET" />
32-->src/main/AndroidManifest.xml:25:5-67
32-->src/main/AndroidManifest.xml:25:22-64
33    <uses-permission android:name="android.permission.ACCESS_NETWORK_STATE" />
33-->src/main/AndroidManifest.xml:26:5-79
33-->src/main/AndroidManifest.xml:26:22-76
34    <uses-permission android:name="android.permission.ACCESS_COARSE_LOCATION" />
34-->src/main/AndroidManifest.xml:27:5-81
34-->src/main/AndroidManifest.xml:27:22-78
35    <uses-permission android:name="android.permission.ACCESS_FINE_LOCATION" />
35-->src/main/AndroidManifest.xml:28:5-79
35-->src/main/AndroidManifest.xml:28:22-76
36    <uses-permission android:name="android.permission.READ_PHONE_STATE" />
37    <uses-permission android:name="android.permission.READ_EXTERNAL_STORAGE" />
38
39    <uses-feature
39-->[com.google.android.gms:play-services-maps:17.0.0] AndroidManifest.xml:26:5-28:35
40        android:glEsVersion="0x00020000"
40-->[com.google.android.gms:play-services-maps:17.0.0] AndroidManifest.xml:27:9-41
41        android:required="true" />
41-->[com.google.android.gms:play-services-maps:17.0.0] AndroidManifest.xml:28:9-32
42
43    <uses-permission android:name="android.permission.WAKE_LOCK" /> <!-- Required by older versions of Google Play services to create IID tokens -->
43-->[com.google.android.gms:play-services-measurement-api:17.2.2] AndroidManifest.xml:24:5-68
43-->[com.google.android.gms:play-services-measurement-api:17.2.2] AndroidManifest.xml:24:22-65
44    <uses-permission android:name="com.google.android.c2dm.permission.RECEIVE" />
44-->[com.google.firebase:firebase-iid:20.0.2] AndroidManifest.xml:26:5-82
44-->[com.google.firebase:firebase-iid:20.0.2] AndroidManifest.xml:26:22-79
45    <uses-permission android:name="com.google.android.finsky.permission.BIND_GET_INSTALL_REFERRER_SERVICE" />
45-->[com.google.android.gms:play-services-measurement:17.2.2] AndroidManifest.xml:26:5-110
45-->[com.google.android.gms:play-services-measurement:17.2.2] AndroidManifest.xml:26:22-107
46
47    <application
47-->src/main/AndroidManifest.xml:31:5-81:19
48        android:allowBackup="true"
48-->src/main/AndroidManifest.xml:31:18-44
49        android:appComponentFactory="androidx.core.app.CoreComponentFactory"
49-->[androidx.core:core:1.1.0] AndroidManifest.xml:24:18-86
50        android:icon="@drawable/ic_launcher"
50-->src/main/AndroidManifest.xml:35:9-45
51        android:label="DOT-project"
51-->src/main/AndroidManifest.xml:34:9-36
52        android:largeHeap="true"
52-->src/main/AndroidManifest.xml:32:9-33
53        android:theme="@style/Theme.AppCompat.Light"
53-->src/main/AndroidManifest.xml:36:9-53
54        android:usesCleartextTraffic="true" >
54-->src/main/AndroidManifest.xml:33:9-44
55        <meta-data
55-->src/main/AndroidManifest.xml:38:9-40:71
56            android:name="com.google.android.geo.API_KEY"
56-->src/main/AndroidManifest.xml:39:13-58
57            android:value="AIzaSyDggUR0hZwSjiLPRDNItWie-x5lNV1yPyE" />
57-->src/main/AndroidManifest.xml:40:13-68
58
59        <activity android:name="org.tensorflow.dot.LoginActivity" >
59-->src/main/AndroidManifest.xml:42:9-44:20
59-->src/main/AndroidManifest.xml:42:19-66
60        </activity>
61        <activity
61-->src/main/AndroidManifest.xml:46:9-50:20
62            android:name="org.tensorflow.dot.RegisterActivity"
62-->src/main/AndroidManifest.xml:46:19-69
63            android:exported="true"
63-->src/main/AndroidManifest.xml:47:13-36
64            android:parentActivityName="org.tensorflow.dot.LoginActivity" >
64-->src/main/AndroidManifest.xml:48:13-74
65        </activity>
66        <activity android:name="org.tensorflow.dot.MainPage" >
66-->src/main/AndroidManifest.xml:51:9-56:20
66-->src/main/AndroidManifest.xml:51:19-61
67            <intent-filter>
67-->src/main/AndroidManifest.xml:52:13-55:29
68                <action android:name="android.intent.action.MAIN" />
68-->src/main/AndroidManifest.xml:53:17-69
68-->src/main/AndroidManifest.xml:53:25-66
69
70                <category android:name="android.intent.category.LAUNCHER" />
70-->src/main/AndroidManifest.xml:54:17-77
70-->src/main/AndroidManifest.xml:54:27-74
71            </intent-filter>
72        </activity>
73        <activity
73-->src/main/AndroidManifest.xml:57:9-60:20
74            android:name="org.tensorflow.dot.Profile"
74-->src/main/AndroidManifest.xml:57:19-60
75            android:parentActivityName="org.tensorflow.dot.MainPage" >
75-->src/main/AndroidManifest.xml:58:13-69
76        </activity>
77        <activity
77-->src/main/AndroidManifest.xml:61:9-64:20
78            android:name="org.tensorflow.dot.Contact"
78-->src/main/AndroidManifest.xml:61:19-60
79            android:parentActivityName="org.tensorflow.dot.MainPage" >
79-->src/main/AndroidManifest.xml:62:13-69
80        </activity>
81        <activity
81-->src/main/AndroidManifest.xml:65:9-68:20
82            android:name="org.tensorflow.dot.Privacy"
82-->src/main/AndroidManifest.xml:65:19-60
83            android:parentActivityName="org.tensorflow.dot.MainPage" >
83-->src/main/AndroidManifest.xml:66:13-69
84        </activity>
85        <activity
85-->src/main/AndroidManifest.xml:70:9-78:20
86            android:name="org.tensorflow.dot.ClassifierActivity"
86-->src/main/AndroidManifest.xml:70:19-71
87            android:label="@string/activity_name_classification"
87-->src/main/AndroidManifest.xml:72:19-71
88            android:screenOrientation="portrait" >
88-->src/main/AndroidManifest.xml:71:19-55
89
90            <!-- <intent-filter> -->
91            <!-- <action android:name="android.intent.action.MAIN" /> -->
92
93
94            <!-- <category android:name="android.intent.category.LAUNCHER" /> -->
95            <!-- </intent-filter> -->
96        </activity>
97
98        <!-- Needs to be explicitly declared on P+ -->
99        <uses-library
99-->[com.google.android.gms:play-services-maps:17.0.0] AndroidManifest.xml:33:9-35:40
100            android:name="org.apache.http.legacy"
100-->[com.google.android.gms:play-services-maps:17.0.0] AndroidManifest.xml:34:13-50
101            android:required="false" />
101-->[com.google.android.gms:play-services-maps:17.0.0] AndroidManifest.xml:35:13-37
102
103        <service
103-->[com.google.firebase:firebase-storage:17.0.0] AndroidManifest.xml:30:9-34:19
104            android:name="com.google.firebase.components.ComponentDiscoveryService"
104-->[com.google.firebase:firebase-storage:17.0.0] AndroidManifest.xml:30:18-89
105            android:directBootAware="true"
105-->[com.google.firebase:firebase-common:19.3.0] AndroidManifest.xml:34:13-43
106            android:exported="false" >
106-->[com.google.firebase:firebase-auth:17.0.0] AndroidManifest.xml:35:13-37
107            <meta-data
107-->[com.google.firebase:firebase-storage:17.0.0] AndroidManifest.xml:31:13-33:85
108                android:name="com.google.firebase.components:com.google.firebase.storage.StorageRegistrar"
108-->[com.google.firebase:firebase-storage:17.0.0] AndroidManifest.xml:32:17-107
109                android:value="com.google.firebase.components.ComponentRegistrar" />
109-->[com.google.firebase:firebase-storage:17.0.0] AndroidManifest.xml:33:17-82
110            <meta-data
110-->[com.google.firebase:firebase-auth:17.0.0] AndroidManifest.xml:36:13-38:85
111                android:name="com.google.firebase.components:com.google.firebase.auth.FirebaseAuthRegistrar"
111-->[com.google.firebase:firebase-auth:17.0.0] AndroidManifest.xml:37:17-109
112                android:value="com.google.firebase.components.ComponentRegistrar" />
112-->[com.google.firebase:firebase-auth:17.0.0] AndroidManifest.xml:38:17-82
113            <meta-data
113-->[com.google.firebase:firebase-database:17.0.0] AndroidManifest.xml:30:13-32:85
114                android:name="com.google.firebase.components:com.google.firebase.database.DatabaseRegistrar"
114-->[com.google.firebase:firebase-database:17.0.0] AndroidManifest.xml:31:17-109
115                android:value="com.google.firebase.components.ComponentRegistrar" />
115-->[com.google.firebase:firebase-database:17.0.0] AndroidManifest.xml:32:17-82
116            <meta-data
116-->[com.google.android.gms:play-services-measurement-api:17.2.2] AndroidManifest.xml:30:13-32:85
117                android:name="com.google.firebase.components:com.google.firebase.analytics.connector.internal.AnalyticsConnectorRegistrar"
117-->[com.google.android.gms:play-services-measurement-api:17.2.2] AndroidManifest.xml:31:17-139
118                android:value="com.google.firebase.components.ComponentRegistrar" />
118-->[com.google.android.gms:play-services-measurement-api:17.2.2] AndroidManifest.xml:32:17-82
119            <meta-data
119-->[com.google.firebase:firebase-iid:20.0.2] AndroidManifest.xml:32:13-34:85
120                android:name="com.google.firebase.components:com.google.firebase.iid.Registrar"
120-->[com.google.firebase:firebase-iid:20.0.2] AndroidManifest.xml:33:17-96
121                android:value="com.google.firebase.components.ComponentRegistrar" />
121-->[com.google.firebase:firebase-iid:20.0.2] AndroidManifest.xml:34:17-82
122        </service>
123
124        <activity
124-->[com.google.firebase:firebase-auth:17.0.0] AndroidManifest.xml:24:9-31:50
125            android:name="com.google.firebase.auth.internal.FederatedSignInActivity"
125-->[com.google.firebase:firebase-auth:17.0.0] AndroidManifest.xml:25:13-85
126            android:excludeFromRecents="true"
126-->[com.google.firebase:firebase-auth:17.0.0] AndroidManifest.xml:26:13-46
127            android:exported="true"
127-->[com.google.firebase:firebase-auth:17.0.0] AndroidManifest.xml:27:13-36
128            android:launchMode="singleTask"
128-->[com.google.firebase:firebase-auth:17.0.0] AndroidManifest.xml:28:13-44
129            android:permission="com.google.firebase.auth.api.gms.permission.LAUNCH_FEDERATED_SIGN_IN"
129-->[com.google.firebase:firebase-auth:17.0.0] AndroidManifest.xml:29:13-102
130            android:theme="@android:style/Theme.Translucent.NoTitleBar" />
130-->[com.google.firebase:firebase-auth:17.0.0] AndroidManifest.xml:30:13-72
131
132        <receiver
132-->[com.google.firebase:firebase-iid:20.0.2] AndroidManifest.xml:37:9-44:20
133            android:name="com.google.firebase.iid.FirebaseInstanceIdReceiver"
133-->[com.google.firebase:firebase-iid:20.0.2] AndroidManifest.xml:38:13-78
134            android:exported="true"
134-->[com.google.firebase:firebase-iid:20.0.2] AndroidManifest.xml:39:13-36
135            android:permission="com.google.android.c2dm.permission.SEND" >
135-->[com.google.firebase:firebase-iid:20.0.2] AndroidManifest.xml:40:13-73
136            <intent-filter>
136-->[com.google.firebase:firebase-iid:20.0.2] AndroidManifest.xml:41:13-43:29
137                <action android:name="com.google.android.c2dm.intent.RECEIVE" />
137-->[com.google.firebase:firebase-iid:20.0.2] AndroidManifest.xml:42:17-81
137-->[com.google.firebase:firebase-iid:20.0.2] AndroidManifest.xml:42:25-78
138            </intent-filter>
139        </receiver>
140
141        <activity
141-->[com.google.android.gms:play-services-base:17.0.0] AndroidManifest.xml:23:9-26:75
142            android:name="com.google.android.gms.common.api.GoogleApiActivity"
142-->[com.google.android.gms:play-services-base:17.0.0] AndroidManifest.xml:24:13-79
143            android:exported="false"
143-->[com.google.android.gms:play-services-base:17.0.0] AndroidManifest.xml:25:13-37
144            android:theme="@android:style/Theme.Translucent.NoTitleBar" />
144-->[com.google.android.gms:play-services-base:17.0.0] AndroidManifest.xml:26:13-72
145
146        <provider
146-->[com.google.firebase:firebase-common:19.3.0] AndroidManifest.xml:26:9-30:39
147            android:name="com.google.firebase.provider.FirebaseInitProvider"
147-->[com.google.firebase:firebase-common:19.3.0] AndroidManifest.xml:27:13-77
148            android:authorities="org.tensorflow.dot.firebaseinitprovider"
148-->[com.google.firebase:firebase-common:19.3.0] AndroidManifest.xml:28:13-72
149            android:exported="false"
149-->[com.google.firebase:firebase-common:19.3.0] AndroidManifest.xml:29:13-37
150            android:initOrder="100" />
150-->[com.google.firebase:firebase-common:19.3.0] AndroidManifest.xml:30:13-36
151
152        <receiver
152-->[com.google.android.gms:play-services-measurement:17.2.2] AndroidManifest.xml:29:9-33:20
153            android:name="com.google.android.gms.measurement.AppMeasurementReceiver"
153-->[com.google.android.gms:play-services-measurement:17.2.2] AndroidManifest.xml:30:13-85
154            android:enabled="true"
154-->[com.google.android.gms:play-services-measurement:17.2.2] AndroidManifest.xml:31:13-35
155            android:exported="false" >
155-->[com.google.android.gms:play-services-measurement:17.2.2] AndroidManifest.xml:32:13-37
156        </receiver>
157        <receiver
157-->[com.google.android.gms:play-services-measurement:17.2.2] AndroidManifest.xml:34:9-42:20
158            android:name="com.google.android.gms.measurement.AppMeasurementInstallReferrerReceiver"
158-->[com.google.android.gms:play-services-measurement:17.2.2] AndroidManifest.xml:35:13-100
159            android:enabled="true"
159-->[com.google.android.gms:play-services-measurement:17.2.2] AndroidManifest.xml:36:13-35
160            android:exported="true"
160-->[com.google.android.gms:play-services-measurement:17.2.2] AndroidManifest.xml:37:13-36
161            android:permission="android.permission.INSTALL_PACKAGES" >
161-->[com.google.android.gms:play-services-measurement:17.2.2] AndroidManifest.xml:38:13-69
162            <intent-filter>
162-->[com.google.android.gms:play-services-measurement:17.2.2] AndroidManifest.xml:39:13-41:29
163                <action android:name="com.android.vending.INSTALL_REFERRER" />
163-->[com.google.android.gms:play-services-measurement:17.2.2] AndroidManifest.xml:40:17-79
163-->[com.google.android.gms:play-services-measurement:17.2.2] AndroidManifest.xml:40:25-76
164            </intent-filter>
165        </receiver>
166
167        <service
167-->[com.google.android.gms:play-services-measurement:17.2.2] AndroidManifest.xml:44:9-47:40
168            android:name="com.google.android.gms.measurement.AppMeasurementService"
168-->[com.google.android.gms:play-services-measurement:17.2.2] AndroidManifest.xml:45:13-84
169            android:enabled="true"
169-->[com.google.android.gms:play-services-measurement:17.2.2] AndroidManifest.xml:46:13-35
170            android:exported="false" />
170-->[com.google.android.gms:play-services-measurement:17.2.2] AndroidManifest.xml:47:13-37
171        <service
171-->[com.google.android.gms:play-services-measurement:17.2.2] AndroidManifest.xml:48:9-52:72
172            android:name="com.google.android.gms.measurement.AppMeasurementJobService"
172-->[com.google.android.gms:play-services-measurement:17.2.2] AndroidManifest.xml:49:13-87
173            android:enabled="true"
173-->[com.google.android.gms:play-services-measurement:17.2.2] AndroidManifest.xml:50:13-35
174            android:exported="false"
174-->[com.google.android.gms:play-services-measurement:17.2.2] AndroidManifest.xml:51:13-37
175            android:permission="android.permission.BIND_JOB_SERVICE" />
175-->[com.google.android.gms:play-services-measurement:17.2.2] AndroidManifest.xml:52:13-69
176
177        <meta-data
177-->[com.google.android.gms:play-services-basement:17.0.0] AndroidManifest.xml:23:9-25:69
178            android:name="com.google.android.gms.version"
178-->[com.google.android.gms:play-services-basement:17.0.0] AndroidManifest.xml:24:13-58
179            android:value="@integer/google_play_services_version" />
179-->[com.google.android.gms:play-services-basement:17.0.0] AndroidManifest.xml:25:13-66
180    </application>
181
182</manifest>